[debug] [2026-06-25T21:02:03.773Z] ----------------------------------------------------------------------
[debug] [2026-06-25T21:02:03.779Z] Command:       /Users/jonasvignal-olsen/.nvm/versions/node/v20.20.2/bin/node /Users/jonasvignal-olsen/.nvm/versions/node/v20.20.2/bin/firebase init
[debug] [2026-06-25T21:02:03.780Z] CLI Version:   15.22.3
[debug] [2026-06-25T21:02:03.780Z] Platform:      darwin
[debug] [2026-06-25T21:02:03.780Z] Node Version:  v20.20.2
[debug] [2026-06-25T21:02:03.780Z] Detected Agent: unknown
[debug] [2026-06-25T21:02:03.780Z] Time:          Thu Jun 25 2026 23:02:03 GMT+0200 (Central European Summer Time)
[debug] [2026-06-25T21:02:03.780Z] ----------------------------------------------------------------------
[debug] 
[info] 
     ######## #### ########  ######## ########     ###     ######  ########
     ##        ##  ##     ## ##       ##     ##  ##   ##  ##       ##
     ######    ##  ########  ######   ########  #########  ######  ######
     ##        ##  ##    ##  ##       ##     ## ##     ##       ## ##
     ##       #### ##     ## ######## ########  ##     ##  ######  ########

You're about to initialize a Firebase project in this directory:

  /Users/jonasvignal-olsen/Desktop/DTU /Proces og innovation/6. Semester NYU/03 - Creative Computing/GolfTracker

Before we get started, keep in mind:

  * You are initializing within an existing Firebase project directory

[info] 
=== Project Setup
[info] 
[info] First, let's associate this project directory with a Firebase project.
[info] You can create multiple project aliases by running firebase use --add, 
[info] 
[debug] [2026-06-25T21:02:30.060Z] > command requires scopes: ["email","openid","https://www.googleapis.com/auth/cloudplatformprojects.readonly","https://www.googleapis.com/auth/firebase","https://www.googleapis.com/auth/cloud-platform"]
[debug] [2026-06-25T21:02:30.065Z] > authorizing via signed-in user (jonasvignal@gmail.com)
[debug] [2026-06-25T21:02:30.070Z] Checked if tokens are valid: true, expires at: 1782424896158
[debug] [2026-06-25T21:02:30.070Z] Checked if tokens are valid: true, expires at: 1782424896158
[debug] [2026-06-25T21:02:30.076Z] >>> [apiv2][query] GET https://firebase.googleapis.com/v1beta1/projects pageSize=100
[debug] [2026-06-25T21:02:30.963Z] <<< [apiv2][status] GET https://firebase.googleapis.com/v1beta1/projects 200
[debug] [2026-06-25T21:02:30.963Z] <<< [apiv2][body] GET https://firebase.googleapis.com/v1beta1/projects [omitted]
[info] 
=== Dataconnect Setup
[info] i  dataconnect: ensuring required API firebasedataconnect.googleapis.com is enabled... 
[debug] [2026-06-25T21:02:34.095Z] Checked if tokens are valid: true, expires at: 1782424896158
[debug] [2026-06-25T21:02:34.096Z] Checked if tokens are valid: true, expires at: 1782424896158
[info] i  dataconnect: ensuring required API sqladmin.googleapis.com is enabled... 
[debug] [2026-06-25T21:02:34.097Z] Checked if tokens are valid: true, expires at: 1782424896158
[debug] [2026-06-25T21:02:34.097Z] Checked if tokens are valid: true, expires at: 1782424896158
[debug] [2026-06-25T21:02:34.097Z] >>> [apiv2][query] GET https://serviceusage.googleapis.com/v1/projects/golftracker-2026/services/firebasedataconnect.googleapis.com [none]
[debug] [2026-06-25T21:02:34.097Z] >>> [apiv2][(partial)header] GET https://serviceusage.googleapis.com/v1/projects/golftracker-2026/services/firebasedataconnect.googleapis.com  x-goog-user-project=golftracker-2026
[debug] [2026-06-25T21:02:34.098Z] >>> [apiv2][query] GET https://serviceusage.googleapis.com/v1/projects/golftracker-2026/services/sqladmin.googleapis.com [none]
[debug] [2026-06-25T21:02:34.098Z] >>> [apiv2][(partial)header] GET https://serviceusage.googleapis.com/v1/projects/golftracker-2026/services/sqladmin.googleapis.com  x-goog-user-project=golftracker-2026
[debug] [2026-06-25T21:02:35.073Z] <<< [apiv2][status] GET https://serviceusage.googleapis.com/v1/projects/golftracker-2026/services/firebasedataconnect.googleapis.com 200
[debug] [2026-06-25T21:02:35.073Z] <<< [apiv2][body] GET https://serviceusage.googleapis.com/v1/projects/golftracker-2026/services/firebasedataconnect.googleapis.com [omitted]
[warn] ⚠  dataconnect: missing required API firebasedataconnect.googleapis.com. Enabling now... 
[debug] [2026-06-25T21:02:35.074Z] Checked if tokens are valid: true, expires at: 1782424896158
[debug] [2026-06-25T21:02:35.074Z] Checked if tokens are valid: true, expires at: 1782424896158
[debug] [2026-06-25T21:02:35.074Z] >>> [apiv2][query] POST https://serviceusage.googleapis.com/v1/projects/golftracker-2026/services/firebasedataconnect.googleapis.com:enable [none]
[debug] [2026-06-25T21:02:35.075Z] >>> [apiv2][(partial)header] POST https://serviceusage.googleapis.com/v1/projects/golftracker-2026/services/firebasedataconnect.googleapis.com:enable  x-goog-user-project=golftracker-2026
[debug] [2026-06-25T21:02:35.090Z] <<< [apiv2][status] GET https://serviceusage.googleapis.com/v1/projects/golftracker-2026/services/sqladmin.googleapis.com 200
[debug] [2026-06-25T21:02:35.090Z] <<< [apiv2][body] GET https://serviceusage.googleapis.com/v1/projects/golftracker-2026/services/sqladmin.googleapis.com [omitted]
[warn] ⚠  dataconnect: missing required API sqladmin.googleapis.com. Enabling now... 
[debug] [2026-06-25T21:02:35.092Z] Checked if tokens are valid: true, expires at: 1782424896158
[debug] [2026-06-25T21:02:35.092Z] Checked if tokens are valid: true, expires at: 1782424896158
[debug] [2026-06-25T21:02:35.093Z] >>> [apiv2][query] POST https://serviceusage.googleapis.com/v1/projects/golftracker-2026/services/sqladmin.googleapis.com:enable [none]
[debug] [2026-06-25T21:02:35.093Z] >>> [apiv2][(partial)header] POST https://serviceusage.googleapis.com/v1/projects/golftracker-2026/services/sqladmin.googleapis.com:enable  x-goog-user-project=golftracker-2026
[debug] [2026-06-25T21:02:35.422Z] <<< [apiv2][status] POST https://serviceusage.googleapis.com/v1/projects/golftracker-2026/services/firebasedataconnect.googleapis.com:enable 200
[debug] [2026-06-25T21:02:35.423Z] <<< [apiv2][body] POST https://serviceusage.googleapis.com/v1/projects/golftracker-2026/services/firebasedataconnect.googleapis.com:enable [omitted]
[debug] [2026-06-25T21:02:35.455Z] <<< [apiv2][status] POST https://serviceusage.googleapis.com/v1/projects/golftracker-2026/services/sqladmin.googleapis.com:enable 200
[debug] [2026-06-25T21:02:35.456Z] <<< [apiv2][body] POST https://serviceusage.googleapis.com/v1/projects/golftracker-2026/services/sqladmin.googleapis.com:enable [omitted]
[debug] [2026-06-25T21:02:45.467Z] Checked if tokens are valid: true, expires at: 1782424896158
[debug] [2026-06-25T21:02:45.468Z] Checked if tokens are valid: true, expires at: 1782424896158
[debug] [2026-06-25T21:02:45.468Z] >>> [apiv2][query] GET https://firebasedataconnect.googleapis.com/v1/projects/golftracker-2026/locations/-/services [none]
[debug] [2026-06-25T21:02:46.551Z] <<< [apiv2][status] GET https://firebasedataconnect.googleapis.com/v1/projects/golftracker-2026/locations/-/services 200
[debug] [2026-06-25T21:02:46.552Z] <<< [apiv2][body] GET https://firebasedataconnect.googleapis.com/v1/projects/golftracker-2026/locations/-/services {}
[debug] [2026-06-25T21:02:58.377Z] Checked if tokens are valid: true, expires at: 1782424896158
[debug] [2026-06-25T21:02:58.378Z] Checked if tokens are valid: true, expires at: 1782424896158
[debug] [2026-06-25T21:02:58.378Z] >>> [apiv2][query] GET https://serviceusage.googleapis.com/v1/projects/golftracker-2026/services/cloudbilling.googleapis.com [none]
[debug] [2026-06-25T21:02:58.378Z] >>> [apiv2][(partial)header] GET https://serviceusage.googleapis.com/v1/projects/golftracker-2026/services/cloudbilling.googleapis.com  x-goog-user-project=golftracker-2026
[debug] [2026-06-25T21:02:59.325Z] <<< [apiv2][status] GET https://serviceusage.googleapis.com/v1/projects/golftracker-2026/services/cloudbilling.googleapis.com 200
[debug] [2026-06-25T21:02:59.325Z] <<< [apiv2][body] GET https://serviceusage.googleapis.com/v1/projects/golftracker-2026/services/cloudbilling.googleapis.com [omitted]
[debug] [2026-06-25T21:02:59.326Z] Checked if tokens are valid: true, expires at: 1782424896158
[debug] [2026-06-25T21:02:59.326Z] Checked if tokens are valid: true, expires at: 1782424896158
[debug] [2026-06-25T21:02:59.326Z] >>> [apiv2][query] POST https://serviceusage.googleapis.com/v1/projects/golftracker-2026/services/cloudbilling.googleapis.com:enable [none]
[debug] [2026-06-25T21:02:59.327Z] >>> [apiv2][(partial)header] POST https://serviceusage.googleapis.com/v1/projects/golftracker-2026/services/cloudbilling.googleapis.com:enable  x-goog-user-project=golftracker-2026
[debug] [2026-06-25T21:02:59.848Z] <<< [apiv2][status] POST https://serviceusage.googleapis.com/v1/projects/golftracker-2026/services/cloudbilling.googleapis.com:enable 200
[debug] [2026-06-25T21:02:59.849Z] <<< [apiv2][body] POST https://serviceusage.googleapis.com/v1/projects/golftracker-2026/services/cloudbilling.googleapis.com:enable [omitted]
[debug] [2026-06-25T21:03:09.918Z] Checked if tokens are valid: true, expires at: 1782424896158
[debug] [2026-06-25T21:03:09.921Z] Checked if tokens are valid: true, expires at: 1782424896158
[debug] [2026-06-25T21:03:09.921Z] >>> [apiv2][query] GET https://cloudbilling.googleapis.com/v1/projects/golftracker-2026/billingInfo [none]
[debug] [2026-06-25T21:03:09.921Z] >>> [apiv2][(partial)header] GET https://cloudbilling.googleapis.com/v1/projects/golftracker-2026/billingInfo  x-goog-user-project=golftracker-2026
[debug] [2026-06-25T21:03:10.338Z] <<< [apiv2][status] GET https://cloudbilling.googleapis.com/v1/projects/golftracker-2026/billingInfo 200
[debug] [2026-06-25T21:03:10.338Z] <<< [apiv2][body] GET https://cloudbilling.googleapis.com/v1/projects/golftracker-2026/billingInfo {"name":"projects/golftracker-2026/billingInfo","projectId":"golftracker-2026","billingAccountName":"","billingEnabled":false}
[debug] [2026-06-25T21:03:10.340Z] Checked if tokens are valid: true, expires at: 1782424896158
[debug] [2026-06-25T21:03:10.341Z] Checked if tokens are valid: true, expires at: 1782424896158
[debug] [2026-06-25T21:03:10.342Z] >>> [apiv2][query] GET https://monitoring.googleapis.com/v3/projects/golftracker-2026/timeSeries/ filter=metric.type%3D%22serviceruntime.googleapis.com%2Fquota%2Fallocation%2Fusage%22+AND+metric.label.quota_metric+%3D+%22sqladmin.googleapis.com%2Ffdc_lifetime_free_trial_per_project%22&interval.endTime=2026-06-25T21%3A03%3A10.340Z&interval.startTime=2026-06-18T21%3A03%3A10.340Z
[debug] [2026-06-25T21:03:11.045Z] <<< [apiv2][status] GET https://monitoring.googleapis.com/v3/projects/golftracker-2026/timeSeries/ 200
[debug] [2026-06-25T21:03:11.045Z] <<< [apiv2][body] GET https://monitoring.googleapis.com/v3/projects/golftracker-2026/timeSeries/ {"unit":"1"}
[info] ✔  dataconnect: CloudSQL no cost trial available! 
[debug] [2026-06-25T21:03:11.048Z] Checked if tokens are valid: true, expires at: 1782424896158
[debug] [2026-06-25T21:03:11.048Z] Checked if tokens are valid: true, expires at: 1782424896158
[debug] [2026-06-25T21:03:11.048Z] >>> [apiv2][query] GET https://sqladmin.googleapis.com/v1/projects/golftracker-2026/instances [none]
[debug] [2026-06-25T21:03:11.591Z] <<< [apiv2][status] GET https://sqladmin.googleapis.com/v1/projects/golftracker-2026/instances 200
[debug] [2026-06-25T21:03:11.591Z] <<< [apiv2][body] GET https://sqladmin.googleapis.com/v1/projects/golftracker-2026/instances {}
[debug] [2026-06-25T21:03:11.592Z] Checked if tokens are valid: true, expires at: 1782424896158
[debug] [2026-06-25T21:03:11.592Z] Checked if tokens are valid: true, expires at: 1782424896158
[debug] [2026-06-25T21:03:11.592Z] >>> [apiv2][query] GET https://firebasedataconnect.googleapis.com/v1/projects/golftracker-2026/locations [none]
[debug] [2026-06-25T21:03:12.378Z] <<< [apiv2][status] GET https://firebasedataconnect.googleapis.com/v1/projects/golftracker-2026/locations 200
[debug] [2026-06-25T21:03:12.379Z] <<< [apiv2][body] GET https://firebasedataconnect.googleapis.com/v1/projects/golftracker-2026/locations {"locations":[{"name":"projects/golftracker-2026/locations/asia-east1","locationId":"asia-east1","displayName":"Taiwan"},{"name":"projects/golftracker-2026/locations/asia-east2","locationId":"asia-east2","displayName":"Hong Kong"},{"name":"projects/golftracker-2026/locations/asia-northeast1","locationId":"asia-northeast1","displayName":"Tokyo"},{"name":"projects/golftracker-2026/locations/asia-northeast2","locationId":"asia-northeast2","displayName":"Osaka"},{"name":"projects/golftracker-2026/locations/asia-northeast3","locationId":"asia-northeast3","displayName":"Seoul"},{"name":"projects/golftracker-2026/locations/asia-south1","locationId":"asia-south1","displayName":"Mumbai"},{"name":"projects/golftracker-2026/locations/asia-southeast1","locationId":"asia-southeast1","displayName":"Singapore"},{"name":"projects/golftracker-2026/locations/asia-southeast2","locationId":"asia-southeast2","displayName":"Jakarta"},{"name":"projects/golftracker-2026/locations/australia-southeast1","locationId":"australia-southeast1","displayName":"Sydney"},{"name":"projects/golftracker-2026/locations/australia-southeast2","locationId":"australia-southeast2","displayName":"Melbourne"},{"name":"projects/golftracker-2026/locations/europe-central2","locationId":"europe-central2","displayName":"Warsaw"},{"name":"projects/golftracker-2026/locations/europe-north1","locationId":"europe-north1","displayName":"Finland"},{"name":"projects/golftracker-2026/locations/europe-southwest1","locationId":"europe-southwest1","displayName":"Madrid"},{"name":"projects/golftracker-2026/locations/europe-west1","locationId":"europe-west1","displayName":"Belgium"},{"name":"projects/golftracker-2026/locations/europe-west2","locationId":"europe-west2","displayName":"London"},{"name":"projects/golftracker-2026/locations/europe-west3","locationId":"europe-west3","displayName":"Frankfurt"},{"name":"projects/golftracker-2026/locations/europe-west4","locationId":"europe-west4","displayName":"Netherlands"},{"name":"projects/golftracker-2026/locations/europe-west6","locationId":"europe-west6","displayName":"Zurich"},{"name":"projects/golftracker-2026/locations/europe-west8","locationId":"europe-west8","displayName":"Milan"},{"name":"projects/golftracker-2026/locations/europe-west9","locationId":"europe-west9","displayName":"Paris"},{"name":"projects/golftracker-2026/locations/me-west1","locationId":"me-west1","displayName":"Tel Aviv"},{"name":"projects/golftracker-2026/locations/northamerica-northeast1","locationId":"northamerica-northeast1","displayName":"Montréal"},{"name":"projects/golftracker-2026/locations/northamerica-northeast2","locationId":"northamerica-northeast2","displayName":"Toronto"},{"name":"projects/golftracker-2026/locations/southamerica-east1","locationId":"southamerica-east1","displayName":"São Paulo"},{"name":"projects/golftracker-2026/locations/southamerica-west1","locationId":"southamerica-west1","displayName":"Santiago"},{"name":"projects/golftracker-2026/locations/us-central1","locationId":"us-central1","displayName":"Iowa"},{"name":"projects/golftracker-2026/locations/us-east1","locationId":"us-east1","displayName":"South Carolina"},{"name":"projects/golftracker-2026/locations/us-east4","locationId":"us-east4","displayName":"Northern Virginia"},{"name":"projects/golftracker-2026/locations/us-south1","locationId":"us-south1","displayName":"Dallas"},{"name":"projects/golftracker-2026/locations/us-west1","locationId":"us-west1","displayName":"Oregon"},{"name":"projects/golftracker-2026/locations/us-west2","locationId":"us-west2","displayName":"Los Angeles"},{"name":"projects/golftracker-2026/locations/us-west3","locationId":"us-west3","displayName":"Salt Lake City"},{"name":"projects/golftracker-2026/locations/us-west4","locationId":"us-west4","displayName":"Las Vegas"}]}
